<?xml version="1.0" encoding="UTF-8"?>
<!-- Generated by org.testng.reporters.JUnitReportReporter -->
<testsuite hostname="DESKTOP-TJ4QKAG" failures="0" tests="1" name="TestScripts.testscript1" time="16.328" errors="0" timestamp="2023-12-20T15:57:04 IST" skipped="0">
  <testcase classname="TestScripts.testscript1" name="tc2" time="16.328"/>
  <system-out/>
</testsuite> <!-- TestScripts.testscript1 -->
