<?xml version="1.0" encoding="UTF-8"?>
<!-- Generated by org.testng.reporters.JUnitReportReporter -->
<testsuite hostname="DESKTOP-TJ4QKAG" failures="0" tests="1" name="TestScripts.InboxTest" time="0.000" errors="0" timestamp="2023-12-22T11:38:44 IST" skipped="1">
  <testcase classname="TestScripts.InboxTest" name="tc3" time="0.000">
    <skipped/>
  </testcase> <!-- tc3 -->
  <system-out/>
</testsuite> <!-- TestScripts.InboxTest -->
