<?xml version="1.0" encoding="UTF-8"?>
<!-- Generated by org.testng.reporters.JUnitReportReporter -->
<testsuite hostname="DESKTOP-V876IOA" failures="0" tests="1" name="TestScripts.FavouriteTest" time="39.724" errors="0" timestamp="2023-12-20T15:02:43 IST" skipped="0">
  <testcase classname="TestScripts.FavouriteTest" name="favourite" time="39.724"/>
  <system-out/>
</testsuite> <!-- TestScripts.FavouriteTest -->
