<?xml version="1.0" encoding="UTF-8"?>
<!-- Generated by org.testng.reporters.JUnitReportReporter -->
<testsuite hostname="DESKTOP-V876IOA" failures="0" tests="1" name="TestScripts.FavouriteTest" time="39.823" errors="0" timestamp="2023-12-21T11:25:12 IST" skipped="0">
  <testcase classname="TestScripts.FavouriteTest" name="favourite" time="39.823"/>
  <system-out/>
</testsuite> <!-- TestScripts.FavouriteTest -->
