<?xml version="1.0" encoding="UTF-8"?>
<!-- Generated by org.testng.reporters.JUnitReportReporter -->
<testsuite hostname="DESKTOP-V876IOA" failures="0" tests="1" name="TestScripts.CartTest" time="28.708" errors="0" timestamp="2023-12-20T11:24:12 IST" skipped="0">
  <testcase classname="TestScripts.CartTest" name="cart" time="28.708"/>
  <system-out/>
</testsuite> <!-- TestScripts.CartTest -->
